生成启动时间为 2020/3/4 10:21:11。
     1>项目“F:\workspace\EasyDarwin\EasyRTSPServer\Src\EasyStreamingServer.vcxproj”在节点 2 上(build 个目标)。
     1>C:\Program Files (x86)\MSBuild\Microsoft.Cpp\v4.0\Microsoft.CppBuild.targets(299,5): warning MSB8004: Output 目录未以斜杠结尾。此生成实例将添加斜杠，因为必须有这个斜杠才能正确计算 Output 目录。
     1>InitializeBuildStatus:
         正在对“Debug\EasyStreamingServer.unsuccessfulbuild”执行 Touch 任务。
       ClCompile:
         所有输出均为最新。
       ManifestResourceCompile:
         所有输出均为最新。
       Link:
         e:\VS\VS2008\VC\bin\link.exe /ERRORREPORT:PROMPT /OUT:"..\Bin\Win32\EasyStreamingServer.exe" /INCREMENTAL /NOLOGO kernel32.lib user32.lib gdi32.lib winspool.lib comdlg32.lib advapi32.lib shell32.lib ole32.lib oleaut32.lib uuid.lib odbc32.lib odbccp32.lib /MANIFEST /ManifestFile:"Debug\EasyStreamingServer.exe.intermediate.manifest" /MANIFESTUAC:"level='asInvoker' uiAccess='false'" /DEBUG /PDB:"F:\workspace\EasyDarwin\EasyRTSPServer\Bin\Win32\EasyStreamingServer.pdb" /SUBSYSTEM:CONSOLE /TLBID:1 /DYNAMICBASE /NXCOMPAT /IMPLIB:"..\Bin\Win32\EasyStreamingServer.lib" /MACHINE:X86 Debug\EasyStreamingServer.exe.embed.manifest.res
         Debug\EasyStreamingServer.obj
         Debug\getsps.obj
         Debug\main.obj
     1>EasyStreamingServer.obj : error LNK2019: 无法解析的外部符号 _EasyRtspServer_PushFrame@8，该符号在函数 "int __stdcall __RTSPSourceCallBack(int,void *,int,char *,struct EASY_FRAME_INFO *)" (?__RTSPSourceCallBack@@YGHHPAXHPADPAUEASY_FRAME_INFO@@@Z) 中被引用
     1>EasyStreamingServer.obj : error LNK2019: 无法解析的外部符号 _EasyRtspServer_DeleteChannel@4，该符号在函数 "int __stdcall __EasyRtspServer_Callback(enum __EASY_RTSPSERVER_STATE_T,char const *,void * *,struct __EASY_RTSPSERVER_MEDIA_INFO_T *,struct __EASY_PLAY_CONTROL_INFO_T *,void *,void *)" (?__EasyRtspServer_Callback@@YGHW4__EASY_RTSPSERVER_STATE_T@@PBDPAPAXPAU__EASY_RTSPSERVER_MEDIA_INFO_T@@PAU__EASY_PLAY_CONTROL_INFO_T@@PAX5@Z) 中被引用
     1>EasyStreamingServer.obj : error LNK2019: 无法解析的外部符号 _EasyRTSP_Deinit@4，该符号在函数 "int __stdcall __EasyRtspServer_Callback(enum __EASY_RTSPSERVER_STATE_T,char const *,void * *,struct __EASY_RTSPSERVER_MEDIA_INFO_T *,struct __EASY_PLAY_CONTROL_INFO_T *,void *,void *)" (?__EasyRtspServer_Callback@@YGHW4__EASY_RTSPSERVER_STATE_T@@PBDPAPAXPAU__EASY_RTSPSERVER_MEDIA_INFO_T@@PAU__EASY_PLAY_CONTROL_INFO_T@@PAX5@Z) 中被引用
     1>EasyStreamingServer.obj : error LNK2019: 无法解析的外部符号 _EasyRTSP_CloseStream@4，该符号在函数 "int __stdcall __EasyRtspServer_Callback(enum __EASY_RTSPSERVER_STATE_T,char const *,void * *,struct __EASY_RTSPSERVER_MEDIA_INFO_T *,struct __EASY_PLAY_CONTROL_INFO_T *,void *,void *)" (?__EasyRtspServer_Callback@@YGHW4__EASY_RTSPSERVER_STATE_T@@PBDPAPAXPAU__EASY_RTSPSERVER_MEDIA_INFO_T@@PAU__EASY_PLAY_CONTROL_INFO_T@@PAX5@Z) 中被引用
     1>EasyStreamingServer.obj : error LNK2019: 无法解析的外部符号 _EasyRtspServer_CreateChannel@12，该符号在函数 "int __stdcall __EasyRtspServer_Callback(enum __EASY_RTSPSERVER_STATE_T,char const *,void * *,struct __EASY_RTSPSERVER_MEDIA_INFO_T *,struct __EASY_PLAY_CONTROL_INFO_T *,void *,void *)" (?__EasyRtspServer_Callback@@YGHW4__EASY_RTSPSERVER_STATE_T@@PBDPAPAXPAU__EASY_RTSPSERVER_MEDIA_INFO_T@@PAU__EASY_PLAY_CONTROL_INFO_T@@PAX5@Z) 中被引用
     1>EasyStreamingServer.obj : error LNK2019: 无法解析的外部符号 _EasyRTSP_OpenStream@48，该符号在函数 "int __stdcall __EasyRtspServer_Callback(enum __EASY_RTSPSERVER_STATE_T,char const *,void * *,struct __EASY_RTSPSERVER_MEDIA_INFO_T *,struct __EASY_PLAY_CONTROL_INFO_T *,void *,void *)" (?__EasyRtspServer_Callback@@YGHW4__EASY_RTSPSERVER_STATE_T@@PBDPAPAXPAU__EASY_RTSPSERVER_MEDIA_INFO_T@@PAU__EASY_PLAY_CONTROL_INFO_T@@PAX5@Z) 中被引用
     1>EasyStreamingServer.obj : error LNK2019: 无法解析的外部符号 _EasyRTSP_SetCallback@8，该符号在函数 "int __stdcall __EasyRtspServer_Callback(enum __EASY_RTSPSERVER_STATE_T,char const *,void * *,struct __EASY_RTSPSERVER_MEDIA_INFO_T *,struct __EASY_PLAY_CONTROL_INFO_T *,void *,void *)" (?__EasyRtspServer_Callback@@YGHW4__EASY_RTSPSERVER_STATE_T@@PBDPAPAXPAU__EASY_RTSPSERVER_MEDIA_INFO_T@@PAU__EASY_PLAY_CONTROL_INFO_T@@PAX5@Z) 中被引用
     1>EasyStreamingServer.obj : error LNK2019: 无法解析的外部符号 _EasyRTSP_Init@4，该符号在函数 "int __stdcall __EasyRtspServer_Callback(enum __EASY_RTSPSERVER_STATE_T,char const *,void * *,struct __EASY_RTSPSERVER_MEDIA_INFO_T *,struct __EASY_PLAY_CONTROL_INFO_T *,void *,void *)" (?__EasyRtspServer_Callback@@YGHW4__EASY_RTSPSERVER_STATE_T@@PBDPAPAXPAU__EASY_RTSPSERVER_MEDIA_INFO_T@@PAU__EASY_PLAY_CONTROL_INFO_T@@PAX5@Z) 中被引用
     1>EasyStreamingServer.obj : error LNK2019: 无法解析的外部符号 _EasyRtspServer_Shutdown@0，该符号在函数 "public: int __thiscall EasyStreamingServer::Startup(int)" (?Startup@EasyStreamingServer@@QAEHH@Z) 中被引用
     1>EasyStreamingServer.obj : error LNK2019: 无法解析的外部符号 _EasyRtspServer_Startup@28，该符号在函数 "public: int __thiscall EasyStreamingServer::Startup(int)" (?Startup@EasyStreamingServer@@QAEHH@Z) 中被引用
     1>EasyStreamingServer.obj : error LNK2019: 无法解析的外部符号 _EasyRtspServer_Activate@4，该符号在函数 "public: int __thiscall EasyStreamingServer::Startup(int)" (?Startup@EasyStreamingServer@@QAEHH@Z) 中被引用
     1>EasyStreamingServer.obj : error LNK2019: 无法解析的外部符号 _EasyRTSP_Activate@4，该符号在函数 "public: int __thiscall EasyStreamingServer::Startup(int)" (?Startup@EasyStreamingServer@@QAEHH@Z) 中被引用
     1>..\Bin\Win32\EasyStreamingServer.exe : fatal error LNK1120: 12 个无法解析的外部命令
     1>已完成生成项目“F:\workspace\EasyDarwin\EasyRTSPServer\Src\EasyStreamingServer.vcxproj”(build 个目标)的操作 - 失败。

生成失败。

已用时间 00:00:00.12
