..\Bin\Win32\EasyStreamingServer.ilk
..\Bin\Win32\EasyStreamingServer.pdb
F:\WORKSPACE\EASYDARWIN\EASYRTSPSERVER\BIN\WIN32\EASYSTREAMINGSERVER.EXE
F:\WORKSPACE\EASYDARWIN\EASYRTSPSERVER\BIN\WIN32\EASYSTREAMINGSERVER.ILK
F:\WORKSPACE\EASYDARWIN\EASYRTSPSERVER\BIN\WIN32\EASYSTREAMINGSERVER.PDB
F:\workspace\EasyDarwin\EasyRTSPServer\Src\..\Bin\Win32\EasyStreamingServer.exe
F:\workspace\EasyDarwin\EasyRTSPServer\Src\Debug\cl.command.1.tlog
F:\workspace\EasyDarwin\EasyRTSPServer\Src\Debug\CL.read.1.tlog
F:\workspace\EasyDarwin\EasyRTSPServer\Src\Debug\CL.write.1.tlog
F:\WORKSPACE\EASYDARWIN\EASYRTSPSERVER\SRC\DEBUG\EASYSTREAMINGSERVER.EXE
F:\WORKSPACE\EASYDARWIN\EASYRTSPSERVER\SRC\DEBUG\EASYSTREAMINGSERVER.EXE.EMBED.MANIFEST
F:\WORKSPACE\EASYDARWIN\EASYRTSPSERVER\SRC\DEBUG\EASYSTREAMINGSERVER.EXE.EMBED.MANIFEST.RES
F:\WORKSPACE\EASYDARWIN\EASYRTSPSERVER\SRC\DEBUG\EASYSTREAMINGSERVER.EXE.INTERMEDIATE.MANIFEST
F:\WORKSPACE\EASYDARWIN\EASYRTSPSERVER\SRC\DEBUG\EASYSTREAMINGSERVER.ILK
F:\WORKSPACE\EASYDARWIN\EASYRTSPSERVER\SRC\DEBUG\EASYSTREAMINGSERVER.OBJ
F:\WORKSPACE\EASYDARWIN\EASYRTSPSERVER\SRC\DEBUG\EASYSTREAMINGSERVER.PDB
F:\workspace\EasyDarwin\EasyRTSPServer\Src\Debug\EasyStreamingServer.write.1.tlog
F:\workspace\EasyDarwin\EasyRTSPServer\Src\Debug\EasyStreamingServer_manifest.rc
F:\WORKSPACE\EASYDARWIN\EASYRTSPSERVER\SRC\DEBUG\GETSPS.OBJ
F:\workspace\EasyDarwin\EasyRTSPServer\Src\Debug\link.29600.read.1.tlog
F:\workspace\EasyDarwin\EasyRTSPServer\Src\Debug\link.29600.write.1.tlog
F:\workspace\EasyDarwin\EasyRTSPServer\Src\Debug\link.29600-cvtres.read.1.tlog
F:\workspace\EasyDarwin\EasyRTSPServer\Src\Debug\link.29600-cvtres.write.1.tlog
F:\workspace\EasyDarwin\EasyRTSPServer\Src\Debug\link.command.1.tlog
F:\workspace\EasyDarwin\EasyRTSPServer\Src\Debug\link.read.1.tlog
F:\workspace\EasyDarwin\EasyRTSPServer\Src\Debug\link.write.1.tlog
F:\workspace\EasyDarwin\EasyRTSPServer\Src\Debug\link-cvtres.read.1.tlog
F:\workspace\EasyDarwin\EasyRTSPServer\Src\Debug\link-cvtres.write.1.tlog
F:\WORKSPACE\EASYDARWIN\EASYRTSPSERVER\SRC\DEBUG\MAIN.OBJ
F:\workspace\EasyDarwin\EasyRTSPServer\Src\Debug\mt.command.1.tlog
F:\workspace\EasyDarwin\EasyRTSPServer\Src\Debug\mt.read.1.tlog
F:\workspace\EasyDarwin\EasyRTSPServer\Src\Debug\mt.write.1.tlog
F:\workspace\EasyDarwin\EasyRTSPServer\Src\Debug\rc.command.1.tlog
F:\workspace\EasyDarwin\EasyRTSPServer\Src\Debug\rc.read.1.tlog
F:\workspace\EasyDarwin\EasyRTSPServer\Src\Debug\rc.write.1.tlog
F:\workspace\EasyDarwin\EasyRTSPServer\Src\Debug\vc100.idb
F:\WORKSPACE\EASYDARWIN\EASYRTSPSERVER\SRC\DEBUG\VC100.PDB
