..\Bin\Win64\EasyStreamingServer.ilk
..\Bin\Win64\EasyStreamingServer.pdb
F:\WORKSPACE\EASYDARWIN\EASYRTSPSERVER\BIN\WIN64\EASYSTREAMINGSERVER.EXE
F:\WORKSPACE\EASYDARWIN\EASYRTSPSERVER\BIN\WIN64\EASYSTREAMINGSERVER.ILK
F:\WORKSPACE\EASYDARWIN\EASYRTSPSERVER\BIN\WIN64\EASYSTREAMINGSERVER.PDB
F:\workspace\EasyDarwin\EasyRTSPServer\Src\..\Bin\Win64\EasyStreamingServer.exe
F:\workspace\EasyDarwin\EasyRTSPServer\Src\x64\Debug\cl.command.1.tlog
F:\workspace\EasyDarwin\EasyRTSPServer\Src\x64\Debug\CL.read.1.tlog
F:\workspace\EasyDarwin\EasyRTSPServer\Src\x64\Debug\CL.write.1.tlog
F:\WORKSPACE\EASYDARWIN\EASYRTSPSERVER\SRC\X64\DEBUG\EASYSTREAMINGSERVER.EXE.EMBED.MANIFEST
F:\WORKSPACE\EASYDARWIN\EASYRTSPSERVER\SRC\X64\DEBUG\EASYSTREAMINGSERVER.EXE.EMBED.MANIFEST.RES
F:\WORKSPACE\EASYDARWIN\EASYRTSPSERVER\SRC\X64\DEBUG\EASYSTREAMINGSERVER.EXE.INTERMEDIATE.MANIFEST
F:\WORKSPACE\EASYDARWIN\EASYRTSPSERVER\SRC\X64\DEBUG\EASYSTREAMINGSERVER.OBJ
F:\workspace\EasyDarwin\EasyRTSPServer\Src\x64\Debug\EasyStreamingServer.write.1.tlog
F:\workspace\EasyDarwin\EasyRTSPServer\Src\x64\Debug\EasyStreamingServer_manifest.rc
F:\WORKSPACE\EASYDARWIN\EASYRTSPSERVER\SRC\X64\DEBUG\GETSPS.OBJ
F:\workspace\EasyDarwin\EasyRTSPServer\Src\x64\Debug\link.22392.read.1.tlog
F:\workspace\EasyDarwin\EasyRTSPServer\Src\x64\Debug\link.22392.write.1.tlog
F:\workspace\EasyDarwin\EasyRTSPServer\Src\x64\Debug\link.22392-cvtres.read.1.tlog
F:\workspace\EasyDarwin\EasyRTSPServer\Src\x64\Debug\link.22392-cvtres.write.1.tlog
F:\workspace\EasyDarwin\EasyRTSPServer\Src\x64\Debug\link.command.1.tlog
F:\workspace\EasyDarwin\EasyRTSPServer\Src\x64\Debug\link.read.1.tlog
F:\workspace\EasyDarwin\EasyRTSPServer\Src\x64\Debug\link.write.1.tlog
F:\workspace\EasyDarwin\EasyRTSPServer\Src\x64\Debug\link-cvtres.read.1.tlog
F:\workspace\EasyDarwin\EasyRTSPServer\Src\x64\Debug\link-cvtres.write.1.tlog
F:\WORKSPACE\EASYDARWIN\EASYRTSPSERVER\SRC\X64\DEBUG\MAIN.OBJ
F:\workspace\EasyDarwin\EasyRTSPServer\Src\x64\Debug\mt.command.1.tlog
F:\workspace\EasyDarwin\EasyRTSPServer\Src\x64\Debug\mt.read.1.tlog
F:\workspace\EasyDarwin\EasyRTSPServer\Src\x64\Debug\mt.write.1.tlog
F:\workspace\EasyDarwin\EasyRTSPServer\Src\x64\Debug\rc.command.1.tlog
F:\workspace\EasyDarwin\EasyRTSPServer\Src\x64\Debug\rc.read.1.tlog
F:\workspace\EasyDarwin\EasyRTSPServer\Src\x64\Debug\rc.write.1.tlog
F:\workspace\EasyDarwin\EasyRTSPServer\Src\x64\Debug\vc100.idb
F:\WORKSPACE\EASYDARWIN\EASYRTSPSERVER\SRC\X64\DEBUG\VC100.PDB
