生成启动时间为 2020/3/4 10:27:44。
     1>项目“F:\workspace\EasyDarwin\EasyRTSPServer\Src\EasyStreamingServer.vcxproj”在节点 2 上(rebuild 个目标)。
     1>_PrepareForClean:
         正在删除文件“x64\Debug\EasyStreamingServer.lastbuildstate”。
     1>C:\Program Files (x86)\MSBuild\Microsoft.Cpp\v4.0\Microsoft.CppBuild.targets(299,5): warning MSB8004: Output 目录未以斜杠结尾。此生成实例将添加斜杠，因为必须有这个斜杠才能正确计算 Output 目录。
       InitializeBuildStatus:
         正在创建“x64\Debug\EasyStreamingServer.unsuccessfulbuild”，因为已指定“AlwaysCreate”。
       ClCompile:
         e:\VS\VS2008\VC\bin\x86_amd64\CL.exe /c /Zi /nologo /W3 /WX- /Od /D WIN32 /D _DEBUG /D _CONSOLE /D _UNICODE /D UNICODE /Gm /EHsc /RTC1 /MDd /GS /fp:precise /Zc:wchar_t /Zc:forScope /Fo"x64\Debug\\" /Fd"x64\Debug\vc100.pdb" /Gd /TP /errorReport:prompt EasyStreamingServer.cpp getsps.cpp main.cpp
         main.cpp
         getsps.cpp
         EasyStreamingServer.cpp
     1>EasyStreamingServer.cpp(185): warning C4996: 'strcpy': This function or variable may be unsafe. Consider using strcpy_s instead. To disable deprecation, use _CRT_SECURE_NO_WARNINGS. See online help for details.
                 e:\VS\VS2008\VC\include\string.h(105) : 参见“strcpy”的声明
         Generating Code...
       ManifestResourceCompile:
         C:\Program Files (x86)\Microsoft SDKs\Windows\v7.0A\bin\rc.exe /nologo /fo"x64\Debug\EasyStreamingServer.exe.embed.manifest.res" x64\Debug\EasyStreamingServer_manifest.rc 
       Link:
         e:\VS\VS2008\VC\bin\x86_amd64\link.exe /ERRORREPORT:PROMPT /OUT:"..\Bin\Win64\EasyStreamingServer.exe" /INCREMENTAL /NOLOGO kernel32.lib user32.lib gdi32.lib winspool.lib comdlg32.lib advapi32.lib shell32.lib ole32.lib oleaut32.lib uuid.lib odbc32.lib odbccp32.lib /MANIFEST /ManifestFile:"x64\Debug\EasyStreamingServer.exe.intermediate.manifest" /MANIFESTUAC:"level='asInvoker' uiAccess='false'" /DEBUG /PDB:"F:\workspace\EasyDarwin\EasyRTSPServer\Bin\Win64\EasyStreamingServer.pdb" /SUBSYSTEM:CONSOLE /TLBID:1 /DYNAMICBASE /NXCOMPAT /IMPLIB:"..\Bin\Win64\EasyStreamingServer.lib" /MACHINE:X64 x64\Debug\EasyStreamingServer.exe.embed.manifest.res
         x64\Debug\EasyStreamingServer.obj
         x64\Debug\getsps.obj
         x64\Debug\main.obj
         EasyStreamingServer.vcxproj -> F:\workspace\EasyDarwin\EasyRTSPServer\Src\..\Bin\Win64\EasyStreamingServer.exe
       Manifest:
         正在删除文件“x64\Debug\EasyStreamingServer.exe.embed.manifest”。
         C:\Program Files (x86)\Microsoft SDKs\Windows\v7.0A\bin\mt.exe /nologo /verbose /out:"x64\Debug\EasyStreamingServer.exe.embed.manifest" /manifest x64\Debug\EasyStreamingServer.exe.intermediate.manifest
         C:\Program Files (x86)\Microsoft SDKs\Windows\v7.0A\bin\rc.exe /nologo /fo"x64\Debug\EasyStreamingServer.exe.embed.manifest.res" x64\Debug\EasyStreamingServer_manifest.rc 
       LinkEmbedManifest:
         e:\VS\VS2008\VC\bin\x86_amd64\link.exe /ERRORREPORT:PROMPT /OUT:"..\Bin\Win64\EasyStreamingServer.exe" /INCREMENTAL /NOLOGO kernel32.lib user32.lib gdi32.lib winspool.lib comdlg32.lib advapi32.lib shell32.lib ole32.lib oleaut32.lib uuid.lib odbc32.lib odbccp32.lib /MANIFEST /ManifestFile:"x64\Debug\EasyStreamingServer.exe.intermediate.manifest" /MANIFESTUAC:"level='asInvoker' uiAccess='false'" /DEBUG /PDB:"F:\workspace\EasyDarwin\EasyRTSPServer\Bin\Win64\EasyStreamingServer.pdb" /SUBSYSTEM:CONSOLE /TLBID:1 /DYNAMICBASE /NXCOMPAT /IMPLIB:"..\Bin\Win64\EasyStreamingServer.lib" /MACHINE:X64 x64\Debug\EasyStreamingServer.exe.embed.manifest.res
         x64\Debug\EasyStreamingServer.obj
         x64\Debug\getsps.obj
         x64\Debug\main.obj
         EasyStreamingServer.vcxproj -> F:\workspace\EasyDarwin\EasyRTSPServer\Src\..\Bin\Win64\EasyStreamingServer.exe
       FinalizeBuildStatus:
         正在删除文件“x64\Debug\EasyStreamingServer.unsuccessfulbuild”。
         正在对“x64\Debug\EasyStreamingServer.lastbuildstate”执行 Touch 任务。
     1>已完成生成项目“F:\workspace\EasyDarwin\EasyRTSPServer\Src\EasyStreamingServer.vcxproj”(rebuild 个目标)的操作。

生成成功。

已用时间 00:00:01.53
